Base path: 'C:/Program Files/Unity/Hub/Editor/2019.2.6f1/Editor/Data', plugins path 'C:/Program Files/Unity/Hub/Editor/2019.2.6f1/Editor/Data/PlaybackEngines'
Cmd: initializeCompiler
Cmd: compileComputeKernel
  api=4 insize=2549 outsize=935 ok=1
Cmd: compileComputeKernel
  api=4 insize=18610 outsize=4959 ok=1
Cmd: compileComputeKernel
  api=4 insize=15603 outsize=116548 ok=1
Cmd: compileComputeKernel
  api=4 insize=15603 outsize=55246 ok=1
Cmd: compileComputeKernel
  api=4 insize=15603 outsize=48580 ok=1
Cmd: compileComputeKernel
  api=4 insize=15603 outsize=35912 ok=1
Cmd: compileComputeKernel
  api=4 insize=15603 outsize=33084 ok=1
Cmd: compileComputeKernel
  api=4 insize=15603 outsize=74855 ok=1
Cmd: compileComputeKernel
  api=4 insize=15603 outsize=35216 ok=1
Cmd: compileComputeKernel
  api=4 insize=15603 outsize=31444 ok=1
Cmd: compileComputeKernel
  api=4 insize=15603 outsize=65847 ok=1
Cmd: compileComputeKernel
  api=4 insize=15603 outsize=50933 ok=1
Cmd: compileComputeKernel
  api=4 insize=15603 outsize=37641 ok=1
Cmd: compileComputeKernel
  api=4 insize=15603 outsize=34753 ok=1
Cmd: compileComputeKernel
  api=4 insize=15603 outsize=77296 ok=1
Cmd: compileComputeKernel
  api=4 insize=25750 outsize=15415 ok=1
Cmd: compileComputeKernel
  api=4 insize=25750 outsize=15619 ok=1
Cmd: compileComputeKernel
  api=4 insize=5767 outsize=6007 ok=1
Cmd: compileComputeKernel
  api=4 insize=1326 outsize=620 ok=1
Cmd: compileComputeKernel
  api=4 insize=9347 outsize=12677 ok=1
Cmd: compileComputeKernel
  api=4 insize=9347 outsize=9146 ok=1
Cmd: compileComputeKernel
  api=4 insize=9461 outsize=3340 ok=1
Cmd: compileComputeKernel
  api=4 insize=4025 outsize=645 ok=1
Cmd: compileComputeKernel
  api=4 insize=4918 outsize=2350 ok=1
Cmd: compileComputeKernel
  api=4 insize=11912 outsize=1307 ok=1
Cmd: compileComputeKernel
  api=4 insize=7423 outsize=6491 ok=1
Cmd: compileComputeKernel
  api=4 insize=13624 outsize=4058 ok=1
Cmd: compileComputeKernel
  api=4 insize=21554 outsize=15086 ok=1
Cmd: compileComputeKernel
  api=4 insize=21554 outsize=15798 ok=1
Cmd: compileComputeKernel
  api=4 insize=8644 outsize=660 ok=1
Cmd: compileComputeKernel
  api=4 insize=8644 outsize=4857 ok=1
Cmd: compileComputeKernel
  api=4 insize=3022 outsize=2044 ok=1
Cmd: compileComputeKernel
  api=4 insize=7918 outsize=1857 ok=1
Cmd: compileComputeKernel
  api=4 insize=1580 outsize=16101 ok=1
Cmd: compileComputeKernel
  api=4 insize=20668 outsize=27771 ok=1
Cmd: compileComputeKernel
  api=4 insize=36515 outsize=32395 ok=1
Cmd: compileComputeKernel
  api=4 insize=36515 outsize=33663 ok=1
Cmd: compileComputeKernel
  api=4 insize=36515 outsize=32395 ok=1
Cmd: compileComputeKernel
  api=4 insize=36515 outsize=33663 ok=1
Cmd: compileComputeKernel
  api=4 insize=17606 outsize=8154 ok=1
Cmd: compileComputeKernel
  api=4 insize=5065 outsize=1485 ok=1
Cmd: compileComputeKernel
  api=4 insize=5065 outsize=2822 ok=1
Cmd: compileComputeKernel
  api=4 insize=8970 outsize=4890 ok=1
Cmd: compileComputeKernel
  api=4 insize=3043 outsize=2756 ok=1
Cmd: compileComputeKernel
  api=4 insize=9814 outsize=3581 ok=1
Cmd: compileComputeKernel
  api=4 insize=3289 outsize=4635 ok=1
Cmd: compileComputeKernel
  api=4 insize=7700 outsize=4491 ok=1
Cmd: compileComputeKernel
  api=4 insize=7700 outsize=6747 ok=1
Cmd: compileComputeKernel
  api=4 insize=3918 outsize=2751 ok=1
Cmd: compileComputeKernel
  api=4 insize=17632 outsize=635 ok=1
Cmd: compileComputeKernel
  api=4 insize=17632 outsize=5562 ok=1
Cmd: compileComputeKernel
  api=4 insize=5725 outsize=7136 ok=1
Cmd: compileComputeKernel
  api=4 insize=2510 outsize=562 ok=1
Cmd: compileComputeKernel
  api=4 insize=19711 outsize=445 ok=1
Cmd: compileComputeKernel
  api=4 insize=19711 outsize=756 ok=1
Cmd: compileSnippet
  api=4 type=0 insize=6670 outsize=810 kw=_NORMALMAP_TANGENT_SPACE _NORMALMAP pd=UNITY_ENABLE_REFLECTION_BUFFERS UNITY_USE_DITHER_MASK_FOR_ALPHABLENDED_SHADOWS UNITY_PBS_USE_BRDF1 UNITY_SPECCUBE_BOX_PROJECTION UNITY_SPECCUBE_BLENDING UNITY_ENABLE_DETAIL_NORMALMAP SHADER_API_DESKTOP UNITY_LIGHT_PROBE_PROXY_VOLUME UNITY_LIGHTMAP_FULL_HDR ok=1
Cmd: compileSnippet
  api=4 type=0 insize=7138 outsize=1670 kw=DECALS_3RT _NORMALMAP_TANGENT_SPACE _NORMALMAP pd=UNITY_ENABLE_REFLECTION_BUFFERS UNITY_USE_DITHER_MASK_FOR_ALPHABLENDED_SHADOWS UNITY_PBS_USE_BRDF1 UNITY_SPECCUBE_BOX_PROJECTION UNITY_SPECCUBE_BLENDING UNITY_ENABLE_DETAIL_NORMALMAP SHADER_API_DESKTOP UNITY_LIGHT_PROBE_PROXY_VOLUME UNITY_LIGHTMAP_FULL_HDR ok=1
Cmd: compileSnippet
  api=4 type=1 insize=6573 outsize=562 kw=UNITY_PASS_MOTIONVECTORS _NORMALMAP_TANGENT_SPACE _NORMALMAP pd=UNITY_ENABLE_REFLECTION_BUFFERS UNITY_USE_DITHER_MASK_FOR_ALPHABLENDED_SHADOWS UNITY_PBS_USE_BRDF1 UNITY_SPECCUBE_BOX_PROJECTION UNITY_SPECCUBE_BLENDING UNITY_ENABLE_DETAIL_NORMALMAP SHADER_API_DESKTOP UNITY_LIGHT_PROBE_PROXY_VOLUME UNITY_LIGHTMAP_FULL_HDR ok=1
Cmd: compileSnippet
  api=4 type=1 insize=6670 outsize=142 kw=_NORMALMAP_TANGENT_SPACE _NORMALMAP _BENTNORMALMAP pd=UNITY_ENABLE_REFLECTION_BUFFERS UNITY_USE_DITHER_MASK_FOR_ALPHABLENDED_SHADOWS UNITY_PBS_USE_BRDF1 UNITY_SPECCUBE_BOX_PROJECTION UNITY_SPECCUBE_BLENDING UNITY_ENABLE_DETAIL_NORMALMAP SHADER_API_DESKTOP UNITY_LIGHT_PROBE_PROXY_VOLUME UNITY_LIGHTMAP_FULL_HDR ok=1
Cmd: compileSnippet
  api=4 type=1 insize=6186 outsize=142 kw=UNITY_PASS_SHADOWCASTER _NORMALMAP_TANGENT_SPACE _NORMALMAP _MATERIAL_FEATURE_CLEAR_COAT pd=UNITY_ENABLE_REFLECTION_BUFFERS UNITY_USE_DITHER_MASK_FOR_ALPHABLENDED_SHADOWS UNITY_PBS_USE_BRDF1 UNITY_SPECCUBE_BOX_PROJECTION UNITY_SPECCUBE_BLENDING UNITY_ENABLE_DETAIL_NORMALMAP SHADER_API_DESKTOP UNITY_LIGHT_PROBE_PROXY_VOLUME UNITY_LIGHTMAP_FULL_HDR ok=1
Cmd: compileSnippet
  api=4 type=1 insize=7138 outsize=7750 kw=DECALS_3RT _NORMALMAP_TANGENT_SPACE _NORMALMAP _MATERIAL_FEATURE_CLEAR_COAT pd=UNITY_ENABLE_REFLECTION_BUFFERS UNITY_USE_DITHER_MASK_FOR_ALPHABLENDED_SHADOWS UNITY_PBS_USE_BRDF1 UNITY_SPECCUBE_BOX_PROJECTION UNITY_SPECCUBE_BLENDING UNITY_ENABLE_DETAIL_NORMALMAP SHADER_API_DESKTOP UNITY_LIGHT_PROBE_PROXY_VOLUME UNITY_LIGHTMAP_FULL_HDR ok=1
Cmd: compileSnippet
  api=4 type=1 insize=6186 outsize=142 kw=UNITY_PASS_SHADOWCASTER _NORMALMAP_TANGENT_SPACE _NORMALMAP _ENABLESPECULAROCCLUSION pd=UNITY_ENABLE_REFLECTION_BUFFERS UNITY_USE_DITHER_MASK_FOR_ALPHABLENDED_SHADOWS UNITY_PBS_USE_BRDF1 UNITY_SPECCUBE_BOX_PROJECTION UNITY_SPECCUBE_BLENDING UNITY_ENABLE_DETAIL_NORMALMAP SHADER_API_DESKTOP UNITY_LIGHT_PROBE_PROXY_VOLUME UNITY_LIGHTMAP_FULL_HDR ok=1
Cmd: compileSnippet
  api=4 type=1 insize=7138 outsize=7158 kw=DECALS_3RT _NORMALMAP_TANGENT_SPACE _NORMALMAP _ENABLESPECULAROCCLUSION pd=UNITY_ENABLE_REFLECTION_BUFFERS UNITY_USE_DITHER_MASK_FOR_ALPHABLENDED_SHADOWS UNITY_PBS_USE_BRDF1 UNITY_SPECCUBE_BOX_PROJECTION UNITY_SPECCUBE_BLENDING UNITY_ENABLE_DETAIL_NORMALMAP SHADER_API_DESKTOP UNITY_LIGHT_PROBE_PROXY_VOLUME UNITY_LIGHTMAP_FULL_HDR ok=1
Cmd: compileSnippet
  api=4 type=1 insize=6186 outsize=586 kw=UNITY_PASS_SHADOWCASTER _ALPHATEST_ON _NORMALMAP_TANGENT_SPACE _NORMALMAP pd=UNITY_ENABLE_REFLECTION_BUFFERS UNITY_USE_DITHER_MASK_FOR_ALPHABLENDED_SHADOWS UNITY_PBS_USE_BRDF1 UNITY_SPECCUBE_BOX_PROJECTION UNITY_SPECCUBE_BLENDING UNITY_ENABLE_DETAIL_NORMALMAP SHADER_API_DESKTOP UNITY_LIGHT_PROBE_PROXY_VOLUME UNITY_LIGHTMAP_FULL_HDR ok=1
Cmd: compileSnippet
  api=4 type=1 insize=7138 outsize=7158 kw=DECALS_3RT _ALPHATEST_ON _NORMALMAP_TANGENT_SPACE _NORMALMAP pd=UNITY_ENABLE_REFLECTION_BUFFERS UNITY_USE_DITHER_MASK_FOR_ALPHABLENDED_SHADOWS UNITY_PBS_USE_BRDF1 UNITY_SPECCUBE_BOX_PROJECTION UNITY_SPECCUBE_BLENDING UNITY_ENABLE_DETAIL_NORMALMAP SHADER_API_DESKTOP UNITY_LIGHT_PROBE_PROXY_VOLUME UNITY_LIGHTMAP_FULL_HDR ok=1
